[39264:43980:0625/082931.339:WARNING:t_skinfilemap.cpp(56)] SGRenderLog:CheckUpdate newMem.OpenMem failed, szNewMem:Local\sgime_skin.v3.filemap.sogouime err:系统错误2: 系统找不到指定的文件。  
打开Filemap失败: Local\sgime_skin.v3.filemap.sogouime231930fd597
[39264:43980:0625/082931.339:WARNING:t_skinfilemap.cpp(65)] SGRenderLog:CheckUpdate finish: old version:1
[39264:43980:0625/082931.339:WARNING:t_skinfilemap.cpp(67)] SGRenderLog:CheckUpdate finish: new version:3
[39264:43980:0625/082931.449:WARNING:t_skinfilemap.cpp(63)] SGRenderLog:CheckUpdate newMem.OpenMem Suc, szNewMem:Local\sgime_skin.Dpi144.v3.filemap.sogouime
[39264:43980:0625/082931.449:WARNING:t_skinfilemap.cpp(65)] SGRenderLog:CheckUpdate finish: old version:3
[39264:43980:0625/082931.450:WARNING:t_skinfilemap.cpp(67)] SGRenderLog:CheckUpdate finish: new version:3
[45480:43444:0625/083037.435:WARNING:t_skinfilemap.cpp(56)] SGRenderLog:CheckUpdate newMem.OpenMem failed, szNewMem:Local\sgime_skin.v3.filemap.sogouime err:系统错误2: 系统找不到指定的文件。  
打开Filemap失败: Local\sgime_skin.v3.filemap.sogouime231930fd597
[45480:43444:0625/083037.435:WARNING:t_skinfilemap.cpp(65)] SGRenderLog:CheckUpdate finish: old version:1
[45480:43444:0625/083037.435:WARNING:t_skinfilemap.cpp(67)] SGRenderLog:CheckUpdate finish: new version:3
[45480:43444:0625/083037.557:WARNING:t_skinfilemap.cpp(63)] SGRenderLog:CheckUpdate newMem.OpenMem Suc, szNewMem:Local\sgime_skin.Dpi144.v3.filemap.sogouime
[45480:43444:0625/083037.557:WARNING:t_skinfilemap.cpp(65)] SGRenderLog:CheckUpdate finish: old version:3
[45480:43444:0625/083037.557:WARNING:t_skinfilemap.cpp(67)] SGRenderLog:CheckUpdate finish: new version:3
[2636:40676:0625/083231.921:WARNING:t_skinfilemap.cpp(56)] SGRenderLog:CheckUpdate newMem.OpenMem failed, szNewMem:Local\sgime_skin.v3.filemap.sogouime err:系统错误2: 系统找不到指定的文件。  
打开Filemap失败: Local\sgime_skin.v3.filemap.sogouime231930fd597
[2636:40676:0625/083231.921:WARNING:t_skinfilemap.cpp(65)] SGRenderLog:CheckUpdate finish: old version:1
[2636:40676:0625/083231.921:WARNING:t_skinfilemap.cpp(67)] SGRenderLog:CheckUpdate finish: new version:3
[2636:40676:0625/083232.032:WARNING:t_skinfilemap.cpp(63)] SGRenderLog:CheckUpdate newMem.OpenMem Suc, szNewMem:Local\sgime_skin.Dpi144.v3.filemap.sogouime
[2636:40676:0625/083232.032:WARNING:t_skinfilemap.cpp(65)] SGRenderLog:CheckUpdate finish: old version:3
[2636:40676:0625/083232.032:WARNING:t_skinfilemap.cpp(67)] SGRenderLog:CheckUpdate finish: new version:3
[45920:4264:0625/084844.845:WARNING:t_skinfilemap.cpp(56)] SGRenderLog:CheckUpdate newMem.OpenMem failed, szNewMem:Local\sgime_skin.v3.filemap.sogouime err:系统错误2: 系统找不到指定的文件。  
打开Filemap失败: Local\sgime_skin.v3.filemap.sogouime231930fd597
[45920:4264:0625/084844.845:WARNING:t_skinfilemap.cpp(65)] SGRenderLog:CheckUpdate finish: old version:1
[45920:4264:0625/084844.845:WARNING:t_skinfilemap.cpp(67)] SGRenderLog:CheckUpdate finish: new version:3
[45920:4264:0625/084844.962:WARNING:t_skinfilemap.cpp(63)] SGRenderLog:CheckUpdate newMem.OpenMem Suc, szNewMem:Local\sgime_skin.Dpi144.v3.filemap.sogouime
[45920:4264:0625/084844.962:WARNING:t_skinfilemap.cpp(65)] SGRenderLog:CheckUpdate finish: old version:3
[45920:4264:0625/084844.962:WARNING:t_skinfilemap.cpp(67)] SGRenderLog:CheckUpdate finish: new version:3
[13208:31056:0625/092451.194:WARNING:t_skinfilemap.cpp(56)] SGRenderLog:CheckUpdate newMem.OpenMem failed, szNewMem:Local\sgime_skin.v3.filemap.sogouime err:系统错误2: 系统找不到指定的文件。  
打开Filemap失败: Local\sgime_skin.v3.filemap.sogouime231930fd597
[13208:31056:0625/092451.194:WARNING:t_skinfilemap.cpp(65)] SGRenderLog:CheckUpdate finish: old version:1
[13208:31056:0625/092451.194:WARNING:t_skinfilemap.cpp(67)] SGRenderLog:CheckUpdate finish: new version:3
[13208:31056:0625/092451.307:WARNING:t_skinfilemap.cpp(63)] SGRenderLog:CheckUpdate newMem.OpenMem Suc, szNewMem:Local\sgime_skin.Dpi144.v3.filemap.sogouime
[13208:31056:0625/092451.307:WARNING:t_skinfilemap.cpp(65)] SGRenderLog:CheckUpdate finish: old version:3
[13208:31056:0625/092451.307:WARNING:t_skinfilemap.cpp(67)] SGRenderLog:CheckUpdate finish: new version:3
[37120:32324:0625/092619.749:WARNING:t_skinfilemap.cpp(56)] SGRenderLog:CheckUpdate newMem.OpenMem failed, szNewMem:Local\sgime_skin.v3.filemap.sogouime err:系统错误2: 系统找不到指定的文件。  
打开Filemap失败: Local\sgime_skin.v3.filemap.sogouime231930fd597
[37120:32324:0625/092619.749:WARNING:t_skinfilemap.cpp(65)] SGRenderLog:CheckUpdate finish: old version:1
[37120:32324:0625/092619.749:WARNING:t_skinfilemap.cpp(67)] SGRenderLog:CheckUpdate finish: new version:3
[37120:32324:0625/092619.859:WARNING:t_skinfilemap.cpp(63)] SGRenderLog:CheckUpdate newMem.OpenMem Suc, szNewMem:Local\sgime_skin.Dpi144.v3.filemap.sogouime
[37120:32324:0625/092619.859:WARNING:t_skinfilemap.cpp(65)] SGRenderLog:CheckUpdate finish: old version:3
[37120:32324:0625/092619.859:WARNING:t_skinfilemap.cpp(67)] SGRenderLog:CheckUpdate finish: new version:3
[44940:23012:0625/093702.586:WARNING:t_skinfilemap.cpp(56)] SGRenderLog:CheckUpdate newMem.OpenMem failed, szNewMem:Local\sgime_skin.v3.filemap.sogouime err:系统错误2: 系统找不到指定的文件。  
打开Filemap失败: Local\sgime_skin.v3.filemap.sogouime231930fd597
[44940:23012:0625/093702.587:WARNING:t_skinfilemap.cpp(65)] SGRenderLog:CheckUpdate finish: old version:1
[44940:23012:0625/093702.587:WARNING:t_skinfilemap.cpp(67)] SGRenderLog:CheckUpdate finish: new version:3
[44940:23012:0625/093702.704:WARNING:t_skinfilemap.cpp(63)] SGRenderLog:CheckUpdate newMem.OpenMem Suc, szNewMem:Local\sgime_skin.Dpi144.v3.filemap.sogouime
[44940:23012:0625/093702.704:WARNING:t_skinfilemap.cpp(65)] SGRenderLog:CheckUpdate finish: old version:3
[44940:23012:0625/093702.704:WARNING:t_skinfilemap.cpp(67)] SGRenderLog:CheckUpdate finish: new version:3
[43304:48888:0625/094200.915:WARNING:t_skinfilemap.cpp(56)] SGRenderLog:CheckUpdate newMem.OpenMem failed, szNewMem:Local\sgime_skin.v3.filemap.sogouime err:系统错误2: 系统找不到指定的文件。  
打开Filemap失败: Local\sgime_skin.v3.filemap.sogouime231930fd597
[43304:48888:0625/094200.915:WARNING:t_skinfilemap.cpp(65)] SGRenderLog:CheckUpdate finish: old version:1
[43304:48888:0625/094200.915:WARNING:t_skinfilemap.cpp(67)] SGRenderLog:CheckUpdate finish: new version:3
[43304:48888:0625/094201.022:WARNING:t_skinfilemap.cpp(63)] SGRenderLog:CheckUpdate newMem.OpenMem Suc, szNewMem:Local\sgime_skin.Dpi144.v3.filemap.sogouime
[43304:48888:0625/094201.022:WARNING:t_skinfilemap.cpp(65)] SGRenderLog:CheckUpdate finish: old version:3
[43304:48888:0625/094201.022:WARNING:t_skinfilemap.cpp(67)] SGRenderLog:CheckUpdate finish: new version:3
[49472:49724:0625/094640.528:WARNING:t_skinfilemap.cpp(56)] SGRenderLog:CheckUpdate newMem.OpenMem failed, szNewMem:Local\sgime_skin.v3.filemap.sogouime err:系统错误2: 系统找不到指定的文件。  
打开Filemap失败: Local\sgime_skin.v3.filemap.sogouime231930fd597
[49472:49724:0625/094640.528:WARNING:t_skinfilemap.cpp(65)] SGRenderLog:CheckUpdate finish: old version:1
[49472:49724:0625/094640.528:WARNING:t_skinfilemap.cpp(67)] SGRenderLog:CheckUpdate finish: new version:3
[49472:49724:0625/094640.635:WARNING:t_skinfilemap.cpp(63)] SGRenderLog:CheckUpdate newMem.OpenMem Suc, szNewMem:Local\sgime_skin.Dpi144.v3.filemap.sogouime
[49472:49724:0625/094640.635:WARNING:t_skinfilemap.cpp(65)] SGRenderLog:CheckUpdate finish: old version:3
[49472:49724:0625/094640.635:WARNING:t_skinfilemap.cpp(67)] SGRenderLog:CheckUpdate finish: new version:3
[37960:45784:0625/095703.467:WARNING:t_skinfilemap.cpp(56)] SGRenderLog:CheckUpdate newMem.OpenMem failed, szNewMem:Local\sgime_skin.v3.filemap.sogouime err:系统错误2: 系统找不到指定的文件。  
打开Filemap失败: Local\sgime_skin.v3.filemap.sogouime231930fd597
[37960:45784:0625/095703.467:WARNING:t_skinfilemap.cpp(65)] SGRenderLog:CheckUpdate finish: old version:1
[37960:45784:0625/095703.467:WARNING:t_skinfilemap.cpp(67)] SGRenderLog:CheckUpdate finish: new version:3
[37960:45784:0625/095703.576:WARNING:t_skinfilemap.cpp(63)] SGRenderLog:CheckUpdate newMem.OpenMem Suc, szNewMem:Local\sgime_skin.Dpi144.v3.filemap.sogouime
[37960:45784:0625/095703.576:WARNING:t_skinfilemap.cpp(65)] SGRenderLog:CheckUpdate finish: old version:3
[37960:45784:0625/095703.576:WARNING:t_skinfilemap.cpp(67)] SGRenderLog:CheckUpdate finish: new version:3
[45176:27476:0625/100316.385:WARNING:t_skinfilemap.cpp(56)] SGRenderLog:CheckUpdate newMem.OpenMem failed, szNewMem:Local\sgime_skin.v3.filemap.sogouime err:系统错误2: 系统找不到指定的文件。  
打开Filemap失败: Local\sgime_skin.v3.filemap.sogouime231930fd597
[45176:27476:0625/100316.385:WARNING:t_skinfilemap.cpp(65)] SGRenderLog:CheckUpdate finish: old version:1
[45176:27476:0625/100316.385:WARNING:t_skinfilemap.cpp(67)] SGRenderLog:CheckUpdate finish: new version:3
[45176:27476:0625/100316.494:WARNING:t_skinfilemap.cpp(63)] SGRenderLog:CheckUpdate newMem.OpenMem Suc, szNewMem:Local\sgime_skin.Dpi144.v3.filemap.sogouime
[45176:27476:0625/100316.494:WARNING:t_skinfilemap.cpp(65)] SGRenderLog:CheckUpdate finish: old version:3
[45176:27476:0625/100316.494:WARNING:t_skinfilemap.cpp(67)] SGRenderLog:CheckUpdate finish: new version:3
[8724:44312:0625/101620.894:WARNING:t_skinfilemap.cpp(56)] SGRenderLog:CheckUpdate newMem.OpenMem failed, szNewMem:Local\sgime_skin.v3.filemap.sogouime err:系统错误2: 系统找不到指定的文件。  
打开Filemap失败: Local\sgime_skin.v3.filemap.sogouime231930fd597
[8724:44312:0625/101620.894:WARNING:t_skinfilemap.cpp(65)] SGRenderLog:CheckUpdate finish: old version:1
[8724:44312:0625/101620.894:WARNING:t_skinfilemap.cpp(67)] SGRenderLog:CheckUpdate finish: new version:3
[8724:44312:0625/101621.011:WARNING:t_skinfilemap.cpp(63)] SGRenderLog:CheckUpdate newMem.OpenMem Suc, szNewMem:Local\sgime_skin.Dpi144.v3.filemap.sogouime
[8724:44312:0625/101621.011:WARNING:t_skinfilemap.cpp(65)] SGRenderLog:CheckUpdate finish: old version:3
[8724:44312:0625/101621.011:WARNING:t_skinfilemap.cpp(67)] SGRenderLog:CheckUpdate finish: new version:3
[10988:10272:0626/090105.433:WARNING:t_skinfilemap.cpp(56)] SGRenderLog:CheckUpdate newMem.OpenMem failed, szNewMem:Local\sgime_skin.v4.filemap.sogouime err:系统错误2: 系统找不到指定的文件。  
打开Filemap失败: Local\sgime_skin.v4.filemap.sogouime231930fd597
[10988:10272:0626/090105.433:WARNING:t_skinfilemap.cpp(65)] SGRenderLog:CheckUpdate finish: old version:1
[10988:10272:0626/090105.433:WARNING:t_skinfilemap.cpp(67)] SGRenderLog:CheckUpdate finish: new version:4
[10988:10272:0626/090105.583:WARNING:t_skinfilemap.cpp(63)] SGRenderLog:CheckUpdate newMem.OpenMem Suc, szNewMem:Local\sgime_skin.Dpi144.v4.filemap.sogouime
[10988:10272:0626/090105.583:WARNING:t_skinfilemap.cpp(65)] SGRenderLog:CheckUpdate finish: old version:4
[10988:10272:0626/090105.583:WARNING:t_skinfilemap.cpp(67)] SGRenderLog:CheckUpdate finish: new version:4
[35960:2352:0626/091112.184:WARNING:t_skinfilemap.cpp(56)] SGRenderLog:CheckUpdate newMem.OpenMem failed, szNewMem:Local\sgime_skin.v4.filemap.sogouime err:系统错误2: 系统找不到指定的文件。  
打开Filemap失败: Local\sgime_skin.v4.filemap.sogouime231930fd597
[35960:2352:0626/091112.185:WARNING:t_skinfilemap.cpp(65)] SGRenderLog:CheckUpdate finish: old version:1
[35960:2352:0626/091112.185:WARNING:t_skinfilemap.cpp(67)] SGRenderLog:CheckUpdate finish: new version:4
[35960:2352:0626/091112.334:WARNING:t_skinfilemap.cpp(63)] SGRenderLog:CheckUpdate newMem.OpenMem Suc, szNewMem:Local\sgime_skin.Dpi144.v4.filemap.sogouime
[35960:2352:0626/091112.334:WARNING:t_skinfilemap.cpp(65)] SGRenderLog:CheckUpdate finish: old version:4
[35960:2352:0626/091112.334:WARNING:t_skinfilemap.cpp(67)] SGRenderLog:CheckUpdate finish: new version:4
[23756:15024:0626/091522.311:WARNING:t_skinfilemap.cpp(56)] SGRenderLog:CheckUpdate newMem.OpenMem failed, szNewMem:Local\sgime_skin.v4.filemap.sogouime err:系统错误2: 系统找不到指定的文件。  
打开Filemap失败: Local\sgime_skin.v4.filemap.sogouime231930fd597
[23756:15024:0626/091522.311:WARNING:t_skinfilemap.cpp(65)] SGRenderLog:CheckUpdate finish: old version:1
[23756:15024:0626/091522.311:WARNING:t_skinfilemap.cpp(67)] SGRenderLog:CheckUpdate finish: new version:4
[23756:15024:0626/091522.449:WARNING:t_skinfilemap.cpp(63)] SGRenderLog:CheckUpdate newMem.OpenMem Suc, szNewMem:Local\sgime_skin.Dpi144.v4.filemap.sogouime
[23756:15024:0626/091522.449:WARNING:t_skinfilemap.cpp(65)] SGRenderLog:CheckUpdate finish: old version:4
[23756:15024:0626/091522.449:WARNING:t_skinfilemap.cpp(67)] SGRenderLog:CheckUpdate finish: new version:4
[52396:42792:0626/093907.128:WARNING:t_skinfilemap.cpp(56)] SGRenderLog:CheckUpdate newMem.OpenMem failed, szNewMem:Local\sgime_skin.v4.filemap.sogouime err:系统错误2: 系统找不到指定的文件。  
打开Filemap失败: Local\sgime_skin.v4.filemap.sogouime231930fd597
[52396:42792:0626/093907.128:WARNING:t_skinfilemap.cpp(65)] SGRenderLog:CheckUpdate finish: old version:1
[52396:42792:0626/093907.128:WARNING:t_skinfilemap.cpp(67)] SGRenderLog:CheckUpdate finish: new version:4
[52396:42792:0626/093907.279:WARNING:t_skinfilemap.cpp(63)] SGRenderLog:CheckUpdate newMem.OpenMem Suc, szNewMem:Local\sgime_skin.Dpi144.v4.filemap.sogouime
[52396:42792:0626/093907.279:WARNING:t_skinfilemap.cpp(65)] SGRenderLog:CheckUpdate finish: old version:4
[52396:42792:0626/093907.279:WARNING:t_skinfilemap.cpp(67)] SGRenderLog:CheckUpdate finish: new version:4
[33076:43656:0626/100146.806:WARNING:t_skinfilemap.cpp(56)] SGRenderLog:CheckUpdate newMem.OpenMem failed, szNewMem:Local\sgime_skin.v4.filemap.sogouime err:系统错误2: 系统找不到指定的文件。  
打开Filemap失败: Local\sgime_skin.v4.filemap.sogouime231930fd597
[33076:43656:0626/100146.807:WARNING:t_skinfilemap.cpp(65)] SGRenderLog:CheckUpdate finish: old version:1
[33076:43656:0626/100146.807:WARNING:t_skinfilemap.cpp(67)] SGRenderLog:CheckUpdate finish: new version:4
[33076:43656:0626/100146.934:WARNING:t_skinfilemap.cpp(63)] SGRenderLog:CheckUpdate newMem.OpenMem Suc, szNewMem:Local\sgime_skin.Dpi144.v4.filemap.sogouime
[33076:43656:0626/100146.934:WARNING:t_skinfilemap.cpp(65)] SGRenderLog:CheckUpdate finish: old version:4
[33076:43656:0626/100146.934:WARNING:t_skinfilemap.cpp(67)] SGRenderLog:CheckUpdate finish: new version:4
[61852:336:0626/104912.871:WARNING:t_skinfilemap.cpp(56)] SGRenderLog:CheckUpdate newMem.OpenMem failed, szNewMem:Local\sgime_skin.v4.filemap.sogouime err:系统错误2: 系统找不到指定的文件。  
打开Filemap失败: Local\sgime_skin.v4.filemap.sogouime231930fd597
[61852:336:0626/104912.871:WARNING:t_skinfilemap.cpp(65)] SGRenderLog:CheckUpdate finish: old version:1
[61852:336:0626/104912.871:WARNING:t_skinfilemap.cpp(67)] SGRenderLog:CheckUpdate finish: new version:4
[61852:336:0626/104913.006:WARNING:t_skinfilemap.cpp(63)] SGRenderLog:CheckUpdate newMem.OpenMem Suc, szNewMem:Local\sgime_skin.Dpi144.v4.filemap.sogouime
[61852:336:0626/104913.006:WARNING:t_skinfilemap.cpp(65)] SGRenderLog:CheckUpdate finish: old version:4
[61852:336:0626/104913.006:WARNING:t_skinfilemap.cpp(67)] SGRenderLog:CheckUpdate finish: new version:4
[47936:63168:0626/110441.751:WARNING:t_skinfilemap.cpp(56)] SGRenderLog:CheckUpdate newMem.OpenMem failed, szNewMem:Local\sgime_skin.v4.filemap.sogouime err:系统错误2: 系统找不到指定的文件。  
打开Filemap失败: Local\sgime_skin.v4.filemap.sogouime231930fd597
[47936:63168:0626/110441.751:WARNING:t_skinfilemap.cpp(65)] SGRenderLog:CheckUpdate finish: old version:1
[47936:63168:0626/110441.751:WARNING:t_skinfilemap.cpp(67)] SGRenderLog:CheckUpdate finish: new version:4
[47936:63168:0626/110442.010:WARNING:t_skinfilemap.cpp(63)] SGRenderLog:CheckUpdate newMem.OpenMem Suc, szNewMem:Local\sgime_skin.Dpi144.v4.filemap.sogouime
[47936:63168:0626/110442.011:WARNING:t_skinfilemap.cpp(65)] SGRenderLog:CheckUpdate finish: old version:4
[47936:63168:0626/110442.011:WARNING:t_skinfilemap.cpp(67)] SGRenderLog:CheckUpdate finish: new version:4
[21168:46976:0626/111101.209:WARNING:t_skinfilemap.cpp(56)] SGRenderLog:CheckUpdate newMem.OpenMem failed, szNewMem:Local\sgime_skin.v4.filemap.sogouime err:系统错误2: 系统找不到指定的文件。  
打开Filemap失败: Local\sgime_skin.v4.filemap.sogouime231930fd597
[21168:46976:0626/111101.209:WARNING:t_skinfilemap.cpp(65)] SGRenderLog:CheckUpdate finish: old version:1
[21168:46976:0626/111101.209:WARNING:t_skinfilemap.cpp(67)] SGRenderLog:CheckUpdate finish: new version:4
[21168:46976:0626/111101.342:WARNING:t_skinfilemap.cpp(63)] SGRenderLog:CheckUpdate newMem.OpenMem Suc, szNewMem:Local\sgime_skin.Dpi144.v4.filemap.sogouime
[21168:46976:0626/111101.342:WARNING:t_skinfilemap.cpp(65)] SGRenderLog:CheckUpdate finish: old version:4
[21168:46976:0626/111101.342:WARNING:t_skinfilemap.cpp(67)] SGRenderLog:CheckUpdate finish: new version:4
[32244:38224:0626/111748.706:WARNING:t_skinfilemap.cpp(56)] SGRenderLog:CheckUpdate newMem.OpenMem failed, szNewMem:Local\sgime_skin.v4.filemap.sogouime err:系统错误2: 系统找不到指定的文件。  
打开Filemap失败: Local\sgime_skin.v4.filemap.sogouime231930fd597
[32244:38224:0626/111748.706:WARNING:t_skinfilemap.cpp(65)] SGRenderLog:CheckUpdate finish: old version:1
[32244:38224:0626/111748.706:WARNING:t_skinfilemap.cpp(67)] SGRenderLog:CheckUpdate finish: new version:4
[32244:38224:0626/111748.862:WARNING:t_skinfilemap.cpp(63)] SGRenderLog:CheckUpdate newMem.OpenMem Suc, szNewMem:Local\sgime_skin.Dpi144.v4.filemap.sogouime
[32244:38224:0626/111748.862:WARNING:t_skinfilemap.cpp(65)] SGRenderLog:CheckUpdate finish: old version:4
[32244:38224:0626/111748.862:WARNING:t_skinfilemap.cpp(67)] SGRenderLog:CheckUpdate finish: new version:4
[2484:51156:0629/095325.731:WARNING:t_skinfilemap.cpp(56)] SGRenderLog:CheckUpdate newMem.OpenMem failed, szNewMem:Local\sgime_skin.v5.filemap.sogouime err:系统错误2: 系统找不到指定的文件。  
打开Filemap失败: Local\sgime_skin.v5.filemap.sogouime231930fd597
[2484:51156:0629/095325.731:WARNING:t_skinfilemap.cpp(65)] SGRenderLog:CheckUpdate finish: old version:1
[2484:51156:0629/095325.731:WARNING:t_skinfilemap.cpp(67)] SGRenderLog:CheckUpdate finish: new version:5
[2484:51156:0629/095325.870:WARNING:t_skinfilemap.cpp(63)] SGRenderLog:CheckUpdate newMem.OpenMem Suc, szNewMem:Local\sgime_skin.Dpi144.v5.filemap.sogouime
[2484:51156:0629/095325.870:WARNING:t_skinfilemap.cpp(65)] SGRenderLog:CheckUpdate finish: old version:5
[2484:51156:0629/095325.870:WARNING:t_skinfilemap.cpp(67)] SGRenderLog:CheckUpdate finish: new version:5
[48284:53340:0629/095818.872:WARNING:t_skinfilemap.cpp(56)] SGRenderLog:CheckUpdate newMem.OpenMem failed, szNewMem:Local\sgime_skin.v5.filemap.sogouime err:系统错误2: 系统找不到指定的文件。  
打开Filemap失败: Local\sgime_skin.v5.filemap.sogouime231930fd597
[48284:53340:0629/095818.872:WARNING:t_skinfilemap.cpp(65)] SGRenderLog:CheckUpdate finish: old version:1
[48284:53340:0629/095818.872:WARNING:t_skinfilemap.cpp(67)] SGRenderLog:CheckUpdate finish: new version:5
[48284:53340:0629/095818.998:WARNING:t_skinfilemap.cpp(63)] SGRenderLog:CheckUpdate newMem.OpenMem Suc, szNewMem:Local\sgime_skin.Dpi144.v5.filemap.sogouime
[48284:53340:0629/095818.998:WARNING:t_skinfilemap.cpp(65)] SGRenderLog:CheckUpdate finish: old version:5
[48284:53340:0629/095818.998:WARNING:t_skinfilemap.cpp(67)] SGRenderLog:CheckUpdate finish: new version:5
[69436:66828:0629/095953.432:WARNING:t_skinfilemap.cpp(56)] SGRenderLog:CheckUpdate newMem.OpenMem failed, szNewMem:Local\sgime_skin.v5.filemap.sogouime err:系统错误2: 系统找不到指定的文件。  
打开Filemap失败: Local\sgime_skin.v5.filemap.sogouime231930fd597
[69436:66828:0629/095953.433:WARNING:t_skinfilemap.cpp(65)] SGRenderLog:CheckUpdate finish: old version:1
[69436:66828:0629/095953.433:WARNING:t_skinfilemap.cpp(67)] SGRenderLog:CheckUpdate finish: new version:5
[69436:66828:0629/095953.571:WARNING:t_skinfilemap.cpp(63)] SGRenderLog:CheckUpdate newMem.OpenMem Suc, szNewMem:Local\sgime_skin.Dpi144.v5.filemap.sogouime
[69436:66828:0629/095953.571:WARNING:t_skinfilemap.cpp(65)] SGRenderLog:CheckUpdate finish: old version:5
[69436:66828:0629/095953.571:WARNING:t_skinfilemap.cpp(67)] SGRenderLog:CheckUpdate finish: new version:5
[41808:68656:0629/110127.076:WARNING:t_skinfilemap.cpp(56)] SGRenderLog:CheckUpdate newMem.OpenMem failed, szNewMem:Local\sgime_skin.v5.filemap.sogouime err:系统错误2: 系统找不到指定的文件。  
打开Filemap失败: Local\sgime_skin.v5.filemap.sogouime231930fd597
[41808:68656:0629/110127.079:WARNING:t_skinfilemap.cpp(65)] SGRenderLog:CheckUpdate finish: old version:1
[41808:68656:0629/110127.079:WARNING:t_skinfilemap.cpp(67)] SGRenderLog:CheckUpdate finish: new version:5
[41808:68656:0629/110127.257:WARNING:t_skinfilemap.cpp(63)] SGRenderLog:CheckUpdate newMem.OpenMem Suc, szNewMem:Local\sgime_skin.Dpi144.v5.filemap.sogouime
[41808:68656:0629/110127.257:WARNING:t_skinfilemap.cpp(65)] SGRenderLog:CheckUpdate finish: old version:5
[41808:68656:0629/110127.257:WARNING:t_skinfilemap.cpp(67)] SGRenderLog:CheckUpdate finish: new version:5
[48592:63776:0629/110813.452:WARNING:t_skinfilemap.cpp(56)] SGRenderLog:CheckUpdate newMem.OpenMem failed, szNewMem:Local\sgime_skin.v5.filemap.sogouime err:系统错误2: 系统找不到指定的文件。  
打开Filemap失败: Local\sgime_skin.v5.filemap.sogouime231930fd597
[48592:63776:0629/110813.452:WARNING:t_skinfilemap.cpp(65)] SGRenderLog:CheckUpdate finish: old version:1
[48592:63776:0629/110813.452:WARNING:t_skinfilemap.cpp(67)] SGRenderLog:CheckUpdate finish: new version:5
[48592:63776:0629/110813.589:WARNING:t_skinfilemap.cpp(63)] SGRenderLog:CheckUpdate newMem.OpenMem Suc, szNewMem:Local\sgime_skin.Dpi144.v5.filemap.sogouime
[48592:63776:0629/110813.589:WARNING:t_skinfilemap.cpp(65)] SGRenderLog:CheckUpdate finish: old version:5
[48592:63776:0629/110813.589:WARNING:t_skinfilemap.cpp(67)] SGRenderLog:CheckUpdate finish: new version:5
[9784:66624:0629/111446.620:WARNING:t_skinfilemap.cpp(56)] SGRenderLog:CheckUpdate newMem.OpenMem failed, szNewMem:Local\sgime_skin.v5.filemap.sogouime err:系统错误2: 系统找不到指定的文件。  
打开Filemap失败: Local\sgime_skin.v5.filemap.sogouime231930fd597
[9784:66624:0629/111446.620:WARNING:t_skinfilemap.cpp(65)] SGRenderLog:CheckUpdate finish: old version:1
[9784:66624:0629/111446.620:WARNING:t_skinfilemap.cpp(67)] SGRenderLog:CheckUpdate finish: new version:5
[9784:66624:0629/111446.740:WARNING:t_skinfilemap.cpp(63)] SGRenderLog:CheckUpdate newMem.OpenMem Suc, szNewMem:Local\sgime_skin.Dpi144.v5.filemap.sogouime
[9784:66624:0629/111446.740:WARNING:t_skinfilemap.cpp(65)] SGRenderLog:CheckUpdate finish: old version:5
[9784:66624:0629/111446.740:WARNING:t_skinfilemap.cpp(67)] SGRenderLog:CheckUpdate finish: new version:5
[39940:50940:0629/112031.511:WARNING:t_skinfilemap.cpp(56)] SGRenderLog:CheckUpdate newMem.OpenMem failed, szNewMem:Local\sgime_skin.v5.filemap.sogouime err:系统错误2: 系统找不到指定的文件。  
打开Filemap失败: Local\sgime_skin.v5.filemap.sogouime231930fd597
[39940:50940:0629/112031.512:WARNING:t_skinfilemap.cpp(65)] SGRenderLog:CheckUpdate finish: old version:1
[39940:50940:0629/112031.512:WARNING:t_skinfilemap.cpp(67)] SGRenderLog:CheckUpdate finish: new version:5
[39940:50940:0629/112031.622:WARNING:t_skinfilemap.cpp(63)] SGRenderLog:CheckUpdate newMem.OpenMem Suc, szNewMem:Local\sgime_skin.Dpi144.v5.filemap.sogouime
[39940:50940:0629/112031.622:WARNING:t_skinfilemap.cpp(65)] SGRenderLog:CheckUpdate finish: old version:5
[39940:50940:0629/112031.622:WARNING:t_skinfilemap.cpp(67)] SGRenderLog:CheckUpdate finish: new version:5
[38908:39764:0629/112206.617:WARNING:t_skinfilemap.cpp(56)] SGRenderLog:CheckUpdate newMem.OpenMem failed, szNewMem:Local\sgime_skin.v5.filemap.sogouime err:系统错误2: 系统找不到指定的文件。  
打开Filemap失败: Local\sgime_skin.v5.filemap.sogouime231930fd597
[38908:39764:0629/112206.617:WARNING:t_skinfilemap.cpp(65)] SGRenderLog:CheckUpdate finish: old version:1
[38908:39764:0629/112206.617:WARNING:t_skinfilemap.cpp(67)] SGRenderLog:CheckUpdate finish: new version:5
[38908:39764:0629/112206.729:WARNING:t_skinfilemap.cpp(63)] SGRenderLog:CheckUpdate newMem.OpenMem Suc, szNewMem:Local\sgime_skin.Dpi144.v5.filemap.sogouime
[38908:39764:0629/112206.729:WARNING:t_skinfilemap.cpp(65)] SGRenderLog:CheckUpdate finish: old version:5
[38908:39764:0629/112206.729:WARNING:t_skinfilemap.cpp(67)] SGRenderLog:CheckUpdate finish: new version:5
[47036:58776:0629/123551.568:WARNING:t_skinfilemap.cpp(56)] SGRenderLog:CheckUpdate newMem.OpenMem failed, szNewMem:Local\sgime_skin.v5.filemap.sogouime err:系统错误2: 系统找不到指定的文件。  
打开Filemap失败: Local\sgime_skin.v5.filemap.sogouime231930fd597
[47036:58776:0629/123551.568:WARNING:t_skinfilemap.cpp(65)] SGRenderLog:CheckUpdate finish: old version:1
[47036:58776:0629/123551.568:WARNING:t_skinfilemap.cpp(67)] SGRenderLog:CheckUpdate finish: new version:5
[47036:58776:0629/123551.792:WARNING:t_skinfilemap.cpp(63)] SGRenderLog:CheckUpdate newMem.OpenMem Suc, szNewMem:Local\sgime_skin.Dpi144.v5.filemap.sogouime
[47036:58776:0629/123551.792:WARNING:t_skinfilemap.cpp(65)] SGRenderLog:CheckUpdate finish: old version:5
[47036:58776:0629/123551.792:WARNING:t_skinfilemap.cpp(67)] SGRenderLog:CheckUpdate finish: new version:5
[2536:38828:0629/124427.533:WARNING:t_skinfilemap.cpp(56)] SGRenderLog:CheckUpdate newMem.OpenMem failed, szNewMem:Local\sgime_skin.v5.filemap.sogouime err:系统错误2: 系统找不到指定的文件。  
打开Filemap失败: Local\sgime_skin.v5.filemap.sogouime231930fd597
[2536:38828:0629/124427.533:WARNING:t_skinfilemap.cpp(65)] SGRenderLog:CheckUpdate finish: old version:1
[2536:38828:0629/124427.534:WARNING:t_skinfilemap.cpp(67)] SGRenderLog:CheckUpdate finish: new version:5
[2536:38828:0629/124427.652:WARNING:t_skinfilemap.cpp(63)] SGRenderLog:CheckUpdate newMem.OpenMem Suc, szNewMem:Local\sgime_skin.Dpi144.v5.filemap.sogouime
[2536:38828:0629/124427.652:WARNING:t_skinfilemap.cpp(65)] SGRenderLog:CheckUpdate finish: old version:5
[2536:38828:0629/124427.652:WARNING:t_skinfilemap.cpp(67)] SGRenderLog:CheckUpdate finish: new version:5
[44076:60028:0629/125801.128:WARNING:t_skinfilemap.cpp(56)] SGRenderLog:CheckUpdate newMem.OpenMem failed, szNewMem:Local\sgime_skin.v5.filemap.sogouime err:系统错误2: 系统找不到指定的文件。  
打开Filemap失败: Local\sgime_skin.v5.filemap.sogouime231930fd597
[44076:60028:0629/125801.128:WARNING:t_skinfilemap.cpp(65)] SGRenderLog:CheckUpdate finish: old version:1
[44076:60028:0629/125801.128:WARNING:t_skinfilemap.cpp(67)] SGRenderLog:CheckUpdate finish: new version:5
[44076:60028:0629/125801.259:WARNING:t_skinfilemap.cpp(63)] SGRenderLog:CheckUpdate newMem.OpenMem Suc, szNewMem:Local\sgime_skin.Dpi144.v5.filemap.sogouime
[44076:60028:0629/125801.259:WARNING:t_skinfilemap.cpp(65)] SGRenderLog:CheckUpdate finish: old version:5
[44076:60028:0629/125801.259:WARNING:t_skinfilemap.cpp(67)] SGRenderLog:CheckUpdate finish: new version:5
[64816:27104:0629/132159.131:WARNING:t_skinfilemap.cpp(56)] SGRenderLog:CheckUpdate newMem.OpenMem failed, szNewMem:Local\sgime_skin.v5.filemap.sogouime err:系统错误2: 系统找不到指定的文件。  
打开Filemap失败: Local\sgime_skin.v5.filemap.sogouime231930fd597
[64816:27104:0629/132159.132:WARNING:t_skinfilemap.cpp(65)] SGRenderLog:CheckUpdate finish: old version:1
[64816:27104:0629/132159.132:WARNING:t_skinfilemap.cpp(67)] SGRenderLog:CheckUpdate finish: new version:5
[64816:27104:0629/132159.258:WARNING:t_skinfilemap.cpp(63)] SGRenderLog:CheckUpdate newMem.OpenMem Suc, szNewMem:Local\sgime_skin.Dpi144.v5.filemap.sogouime
[64816:27104:0629/132159.258:WARNING:t_skinfilemap.cpp(65)] SGRenderLog:CheckUpdate finish: old version:5
[64816:27104:0629/132159.258:WARNING:t_skinfilemap.cpp(67)] SGRenderLog:CheckUpdate finish: new version:5
[35968:65084:0629/132553.339:WARNING:t_skinfilemap.cpp(56)] SGRenderLog:CheckUpdate newMem.OpenMem failed, szNewMem:Local\sgime_skin.v5.filemap.sogouime err:系统错误2: 系统找不到指定的文件。  
打开Filemap失败: Local\sgime_skin.v5.filemap.sogouime231930fd597
[35968:65084:0629/132553.339:WARNING:t_skinfilemap.cpp(65)] SGRenderLog:CheckUpdate finish: old version:1
[35968:65084:0629/132553.340:WARNING:t_skinfilemap.cpp(67)] SGRenderLog:CheckUpdate finish: new version:5
[35968:65084:0629/132553.467:WARNING:t_skinfilemap.cpp(63)] SGRenderLog:CheckUpdate newMem.OpenMem Suc, szNewMem:Local\sgime_skin.Dpi144.v5.filemap.sogouime
[35968:65084:0629/132553.467:WARNING:t_skinfilemap.cpp(65)] SGRenderLog:CheckUpdate finish: old version:5
[35968:65084:0629/132553.467:WARNING:t_skinfilemap.cpp(67)] SGRenderLog:CheckUpdate finish: new version:5
[51300:43468:0629/133105.798:WARNING:t_skinfilemap.cpp(56)] SGRenderLog:CheckUpdate newMem.OpenMem failed, szNewMem:Local\sgime_skin.v5.filemap.sogouime err:系统错误2: 系统找不到指定的文件。  
打开Filemap失败: Local\sgime_skin.v5.filemap.sogouime231930fd597
[51300:43468:0629/133105.798:WARNING:t_skinfilemap.cpp(65)] SGRenderLog:CheckUpdate finish: old version:1
[51300:43468:0629/133105.798:WARNING:t_skinfilemap.cpp(67)] SGRenderLog:CheckUpdate finish: new version:5
[51300:43468:0629/133106.046:WARNING:t_skinfilemap.cpp(63)] SGRenderLog:CheckUpdate newMem.OpenMem Suc, szNewMem:Local\sgime_skin.Dpi144.v5.filemap.sogouime
[51300:43468:0629/133106.046:WARNING:t_skinfilemap.cpp(65)] SGRenderLog:CheckUpdate finish: old version:5
[51300:43468:0629/133106.046:WARNING:t_skinfilemap.cpp(67)] SGRenderLog:CheckUpdate finish: new version:5
[30012:73240:0629/135653.128:WARNING:t_skinfilemap.cpp(56)] SGRenderLog:CheckUpdate newMem.OpenMem failed, szNewMem:Local\sgime_skin.v6.filemap.sogouime err:系统错误2: 系统找不到指定的文件。  
打开Filemap失败: Local\sgime_skin.v6.filemap.sogouime231930fd597
[30012:73240:0629/135653.129:WARNING:t_skinfilemap.cpp(65)] SGRenderLog:CheckUpdate finish: old version:1
[30012:73240:0629/135653.130:WARNING:t_skinfilemap.cpp(67)] SGRenderLog:CheckUpdate finish: new version:6
[30012:73240:0629/135653.443:WARNING:t_skinfilemap.cpp(63)] SGRenderLog:CheckUpdate newMem.OpenMem Suc, szNewMem:Local\sgime_skin.Dpi144.v6.filemap.sogouime
[30012:73240:0629/135653.443:WARNING:t_skinfilemap.cpp(65)] SGRenderLog:CheckUpdate finish: old version:6
[30012:73240:0629/135653.443:WARNING:t_skinfilemap.cpp(67)] SGRenderLog:CheckUpdate finish: new version:6
[52828:51912:0629/141554.571:WARNING:t_skinfilemap.cpp(56)] SGRenderLog:CheckUpdate newMem.OpenMem failed, szNewMem:Local\sgime_skin.v7.filemap.sogouime err:系统错误2: 系统找不到指定的文件。  
打开Filemap失败: Local\sgime_skin.v7.filemap.sogouime231930fd597
[52828:51912:0629/141554.572:WARNING:t_skinfilemap.cpp(65)] SGRenderLog:CheckUpdate finish: old version:1
[52828:51912:0629/141554.572:WARNING:t_skinfilemap.cpp(67)] SGRenderLog:CheckUpdate finish: new version:7
[52828:51912:0629/141554.905:WARNING:t_skinfilemap.cpp(63)] SGRenderLog:CheckUpdate newMem.OpenMem Suc, szNewMem:Local\sgime_skin.Dpi144.v7.filemap.sogouime
[52828:51912:0629/141554.905:WARNING:t_skinfilemap.cpp(65)] SGRenderLog:CheckUpdate finish: old version:7
[52828:51912:0629/141554.905:WARNING:t_skinfilemap.cpp(67)] SGRenderLog:CheckUpdate finish: new version:7
[68784:29752:0629/142039.184:WARNING:t_skinfilemap.cpp(56)] SGRenderLog:CheckUpdate newMem.OpenMem failed, szNewMem:Local\sgime_skin.v7.filemap.sogouime err:系统错误2: 系统找不到指定的文件。  
打开Filemap失败: Local\sgime_skin.v7.filemap.sogouime231930fd597
[68784:29752:0629/142039.184:WARNING:t_skinfilemap.cpp(65)] SGRenderLog:CheckUpdate finish: old version:1
[68784:29752:0629/142039.184:WARNING:t_skinfilemap.cpp(67)] SGRenderLog:CheckUpdate finish: new version:7
[68784:29752:0629/142039.294:WARNING:t_skinfilemap.cpp(63)] SGRenderLog:CheckUpdate newMem.OpenMem Suc, szNewMem:Local\sgime_skin.Dpi144.v7.filemap.sogouime
[68784:29752:0629/142039.294:WARNING:t_skinfilemap.cpp(65)] SGRenderLog:CheckUpdate finish: old version:7
[68784:29752:0629/142039.294:WARNING:t_skinfilemap.cpp(67)] SGRenderLog:CheckUpdate finish: new version:7
[68784:29752:0629/024426.846:WARNING:t_skinfilemap.cpp(56)] SGRenderLog:CheckUpdate newMem.OpenMem failed, szNewMem:Local\sgime_skin.Dpi144.v8.filemap.sogouime err:系统错误2: 系统找不到指定的文件。  
打开Filemap失败: Local\sgime_skin.Dpi144.v8.filemap.sogouime231930fd597
[68784:29752:0629/024426.848:WARNING:t_skinfilemap.cpp(65)] SGRenderLog:CheckUpdate finish: old version:7
[68784:29752:0629/024426.848:WARNING:t_skinfilemap.cpp(67)] SGRenderLog:CheckUpdate finish: new version:8
[24432:32920:0629/025102.155:WARNING:t_skinfilemap.cpp(56)] SGRenderLog:CheckUpdate newMem.OpenMem failed, szNewMem:Local\sgime_skin.v8.filemap.sogouime err:系统错误2: 系统找不到指定的文件。  
打开Filemap失败: Local\sgime_skin.v8.filemap.sogouime231930fd597
[24432:32920:0629/025102.155:WARNING:t_skinfilemap.cpp(65)] SGRenderLog:CheckUpdate finish: old version:1
[24432:32920:0629/025102.155:WARNING:t_skinfilemap.cpp(67)] SGRenderLog:CheckUpdate finish: new version:8
[24432:32920:0629/025102.263:WARNING:t_skinfilemap.cpp(63)] SGRenderLog:CheckUpdate newMem.OpenMem Suc, szNewMem:Local\sgime_skin.Dpi144.v8.filemap.sogouime
[24432:32920:0629/025102.263:WARNING:t_skinfilemap.cpp(65)] SGRenderLog:CheckUpdate finish: old version:8
[24432:32920:0629/025102.263:WARNING:t_skinfilemap.cpp(67)] SGRenderLog:CheckUpdate finish: new version:8
[70672:60636:0629/025232.596:WARNING:t_skinfilemap.cpp(56)] SGRenderLog:CheckUpdate newMem.OpenMem failed, szNewMem:Local\sgime_skin.v8.filemap.sogouime err:系统错误2: 系统找不到指定的文件。  
打开Filemap失败: Local\sgime_skin.v8.filemap.sogouime231930fd597
[70672:60636:0629/025232.596:WARNING:t_skinfilemap.cpp(65)] SGRenderLog:CheckUpdate finish: old version:1
[70672:60636:0629/025232.596:WARNING:t_skinfilemap.cpp(67)] SGRenderLog:CheckUpdate finish: new version:8
[70672:60636:0629/025232.716:WARNING:t_skinfilemap.cpp(63)] SGRenderLog:CheckUpdate newMem.OpenMem Suc, szNewMem:Local\sgime_skin.Dpi144.v8.filemap.sogouime
[70672:60636:0629/025232.716:WARNING:t_skinfilemap.cpp(65)] SGRenderLog:CheckUpdate finish: old version:8
[70672:60636:0629/025232.716:WARNING:t_skinfilemap.cpp(67)] SGRenderLog:CheckUpdate finish: new version:8
[8688:28116:0629/032936.385:WARNING:t_skinfilemap.cpp(56)] SGRenderLog:CheckUpdate newMem.OpenMem failed, szNewMem:Local\sgime_skin.v8.filemap.sogouime err:系统错误2: 系统找不到指定的文件。  
打开Filemap失败: Local\sgime_skin.v8.filemap.sogouime231930fd597
[8688:28116:0629/032936.385:WARNING:t_skinfilemap.cpp(65)] SGRenderLog:CheckUpdate finish: old version:1
[8688:28116:0629/032936.385:WARNING:t_skinfilemap.cpp(67)] SGRenderLog:CheckUpdate finish: new version:8
[8688:28116:0629/032936.511:WARNING:t_skinfilemap.cpp(63)] SGRenderLog:CheckUpdate newMem.OpenMem Suc, szNewMem:Local\sgime_skin.Dpi144.v8.filemap.sogouime
[8688:28116:0629/032936.512:WARNING:t_skinfilemap.cpp(65)] SGRenderLog:CheckUpdate finish: old version:8
[8688:28116:0629/032936.512:WARNING:t_skinfilemap.cpp(67)] SGRenderLog:CheckUpdate finish: new version:8
[33696:19148:0629/033222.862:WARNING:t_skinfilemap.cpp(56)] SGRenderLog:CheckUpdate newMem.OpenMem failed, szNewMem:Local\sgime_skin.v8.filemap.sogouime err:系统错误2: 系统找不到指定的文件。  
打开Filemap失败: Local\sgime_skin.v8.filemap.sogouime231930fd597
[33696:19148:0629/033222.862:WARNING:t_skinfilemap.cpp(65)] SGRenderLog:CheckUpdate finish: old version:1
[33696:19148:0629/033222.862:WARNING:t_skinfilemap.cpp(67)] SGRenderLog:CheckUpdate finish: new version:8
[33696:19148:0629/033222.998:WARNING:t_skinfilemap.cpp(63)] SGRenderLog:CheckUpdate newMem.OpenMem Suc, szNewMem:Local\sgime_skin.Dpi144.v8.filemap.sogouime
[33696:19148:0629/033222.998:WARNING:t_skinfilemap.cpp(65)] SGRenderLog:CheckUpdate finish: old version:8
[33696:19148:0629/033222.998:WARNING:t_skinfilemap.cpp(67)] SGRenderLog:CheckUpdate finish: new version:8
[6224:69252:0629/034822.319:WARNING:t_skinfilemap.cpp(56)] SGRenderLog:CheckUpdate newMem.OpenMem failed, szNewMem:Local\sgime_skin.v8.filemap.sogouime err:系统错误2: 系统找不到指定的文件。  
打开Filemap失败: Local\sgime_skin.v8.filemap.sogouime231930fd597
[6224:69252:0629/034822.319:WARNING:t_skinfilemap.cpp(65)] SGRenderLog:CheckUpdate finish: old version:1
[6224:69252:0629/034822.319:WARNING:t_skinfilemap.cpp(67)] SGRenderLog:CheckUpdate finish: new version:8
[6224:69252:0629/034822.446:WARNING:t_skinfilemap.cpp(63)] SGRenderLog:CheckUpdate newMem.OpenMem Suc, szNewMem:Local\sgime_skin.Dpi144.v8.filemap.sogouime
[6224:69252:0629/034822.446:WARNING:t_skinfilemap.cpp(65)] SGRenderLog:CheckUpdate finish: old version:8
[6224:69252:0629/034822.446:WARNING:t_skinfilemap.cpp(67)] SGRenderLog:CheckUpdate finish: new version:8
[61912:43108:0629/040703.257:WARNING:t_skinfilemap.cpp(56)] SGRenderLog:CheckUpdate newMem.OpenMem failed, szNewMem:Local\sgime_skin.v8.filemap.sogouime err:系统错误2: 系统找不到指定的文件。  
打开Filemap失败: Local\sgime_skin.v8.filemap.sogouime231930fd597
[61912:43108:0629/040703.257:WARNING:t_skinfilemap.cpp(65)] SGRenderLog:CheckUpdate finish: old version:1
[61912:43108:0629/040703.257:WARNING:t_skinfilemap.cpp(67)] SGRenderLog:CheckUpdate finish: new version:8
[61912:43108:0629/040703.405:WARNING:t_skinfilemap.cpp(63)] SGRenderLog:CheckUpdate newMem.OpenMem Suc, szNewMem:Local\sgime_skin.Dpi144.v8.filemap.sogouime
[61912:43108:0629/040703.405:WARNING:t_skinfilemap.cpp(65)] SGRenderLog:CheckUpdate finish: old version:8
[61912:43108:0629/040703.405:WARNING:t_skinfilemap.cpp(67)] SGRenderLog:CheckUpdate finish: new version:8
[10272:12272:0629/040858.469:WARNING:t_skinfilemap.cpp(56)] SGRenderLog:CheckUpdate newMem.OpenMem failed, szNewMem:Local\sgime_skin.v8.filemap.sogouime err:系统错误2: 系统找不到指定的文件。  
打开Filemap失败: Local\sgime_skin.v8.filemap.sogouime231930fd597
[10272:12272:0629/040858.469:WARNING:t_skinfilemap.cpp(65)] SGRenderLog:CheckUpdate finish: old version:1
[10272:12272:0629/040858.469:WARNING:t_skinfilemap.cpp(67)] SGRenderLog:CheckUpdate finish: new version:8
[10272:12272:0629/040858.586:WARNING:t_skinfilemap.cpp(63)] SGRenderLog:CheckUpdate newMem.OpenMem Suc, szNewMem:Local\sgime_skin.Dpi144.v8.filemap.sogouime
[10272:12272:0629/040858.586:WARNING:t_skinfilemap.cpp(65)] SGRenderLog:CheckUpdate finish: old version:8
[10272:12272:0629/040858.587:WARNING:t_skinfilemap.cpp(67)] SGRenderLog:CheckUpdate finish: new version:8
[27416:63892:0629/041529.802:WARNING:t_skinfilemap.cpp(56)] SGRenderLog:CheckUpdate newMem.OpenMem failed, szNewMem:Local\sgime_skin.v8.filemap.sogouime err:系统错误2: 系统找不到指定的文件。  
打开Filemap失败: Local\sgime_skin.v8.filemap.sogouime231930fd597
[27416:63892:0629/041529.802:WARNING:t_skinfilemap.cpp(65)] SGRenderLog:CheckUpdate finish: old version:1
[27416:63892:0629/041529.802:WARNING:t_skinfilemap.cpp(67)] SGRenderLog:CheckUpdate finish: new version:8
[27416:63892:0629/041529.920:WARNING:t_skinfilemap.cpp(63)] SGRenderLog:CheckUpdate newMem.OpenMem Suc, szNewMem:Local\sgime_skin.Dpi144.v8.filemap.sogouime
[27416:63892:0629/041529.920:WARNING:t_skinfilemap.cpp(65)] SGRenderLog:CheckUpdate finish: old version:8
[27416:63892:0629/041529.920:WARNING:t_skinfilemap.cpp(67)] SGRenderLog:CheckUpdate finish: new version:8
[3720:71648:0629/041833.989:WARNING:t_skinfilemap.cpp(56)] SGRenderLog:CheckUpdate newMem.OpenMem failed, szNewMem:Local\sgime_skin.v8.filemap.sogouime err:系统错误2: 系统找不到指定的文件。  
打开Filemap失败: Local\sgime_skin.v8.filemap.sogouime231930fd597
[3720:71648:0629/041833.989:WARNING:t_skinfilemap.cpp(65)] SGRenderLog:CheckUpdate finish: old version:1
[3720:71648:0629/041833.989:WARNING:t_skinfilemap.cpp(67)] SGRenderLog:CheckUpdate finish: new version:8
[3720:71648:0629/041834.105:WARNING:t_skinfilemap.cpp(63)] SGRenderLog:CheckUpdate newMem.OpenMem Suc, szNewMem:Local\sgime_skin.Dpi144.v8.filemap.sogouime
[3720:71648:0629/041834.105:WARNING:t_skinfilemap.cpp(65)] SGRenderLog:CheckUpdate finish: old version:8
[3720:71648:0629/041834.105:WARNING:t_skinfilemap.cpp(67)] SGRenderLog:CheckUpdate finish: new version:8
[71276:64260:0629/042636.118:WARNING:t_skinfilemap.cpp(56)] SGRenderLog:CheckUpdate newMem.OpenMem failed, szNewMem:Local\sgime_skin.v8.filemap.sogouime err:系统错误2: 系统找不到指定的文件。  
打开Filemap失败: Local\sgime_skin.v8.filemap.sogouime231930fd597
[71276:64260:0629/042636.118:WARNING:t_skinfilemap.cpp(65)] SGRenderLog:CheckUpdate finish: old version:1
[71276:64260:0629/042636.118:WARNING:t_skinfilemap.cpp(67)] SGRenderLog:CheckUpdate finish: new version:8
[71276:64260:0629/042636.231:WARNING:t_skinfilemap.cpp(63)] SGRenderLog:CheckUpdate newMem.OpenMem Suc, szNewMem:Local\sgime_skin.Dpi144.v8.filemap.sogouime
[71276:64260:0629/042636.231:WARNING:t_skinfilemap.cpp(65)] SGRenderLog:CheckUpdate finish: old version:8
[71276:64260:0629/042636.231:WARNING:t_skinfilemap.cpp(67)] SGRenderLog:CheckUpdate finish: new version:8
[8088:61128:0629/043158.685:WARNING:t_skinfilemap.cpp(56)] SGRenderLog:CheckUpdate newMem.OpenMem failed, szNewMem:Local\sgime_skin.v8.filemap.sogouime err:系统错误2: 系统找不到指定的文件。  
打开Filemap失败: Local\sgime_skin.v8.filemap.sogouime231930fd597
[8088:61128:0629/043158.685:WARNING:t_skinfilemap.cpp(65)] SGRenderLog:CheckUpdate finish: old version:1
[8088:61128:0629/043158.685:WARNING:t_skinfilemap.cpp(67)] SGRenderLog:CheckUpdate finish: new version:8
[8088:61128:0629/043158.946:WARNING:t_skinfilemap.cpp(63)] SGRenderLog:CheckUpdate newMem.OpenMem Suc, szNewMem:Local\sgime_skin.Dpi144.v8.filemap.sogouime
[8088:61128:0629/043158.946:WARNING:t_skinfilemap.cpp(65)] SGRenderLog:CheckUpdate finish: old version:8
[8088:61128:0629/043158.946:WARNING:t_skinfilemap.cpp(67)] SGRenderLog:CheckUpdate finish: new version:8
[45692:5832:0629/043436.364:WARNING:t_skinfilemap.cpp(56)] SGRenderLog:CheckUpdate newMem.OpenMem failed, szNewMem:Local\sgime_skin.v8.filemap.sogouime err:系统错误2: 系统找不到指定的文件。  
打开Filemap失败: Local\sgime_skin.v8.filemap.sogouime231930fd597
[45692:5832:0629/043436.364:WARNING:t_skinfilemap.cpp(65)] SGRenderLog:CheckUpdate finish: old version:1
[45692:5832:0629/043436.364:WARNING:t_skinfilemap.cpp(67)] SGRenderLog:CheckUpdate finish: new version:8
[45692:5832:0629/043436.665:WARNING:t_skinfilemap.cpp(63)] SGRenderLog:CheckUpdate newMem.OpenMem Suc, szNewMem:Local\sgime_skin.Dpi144.v8.filemap.sogouime
[45692:5832:0629/043436.665:WARNING:t_skinfilemap.cpp(65)] SGRenderLog:CheckUpdate finish: old version:8
[45692:5832:0629/043436.665:WARNING:t_skinfilemap.cpp(67)] SGRenderLog:CheckUpdate finish: new version:8
[38396:33876:0629/045013.769:WARNING:t_skinfilemap.cpp(56)] SGRenderLog:CheckUpdate newMem.OpenMem failed, szNewMem:Local\sgime_skin.v8.filemap.sogouime err:系统错误2: 系统找不到指定的文件。  
打开Filemap失败: Local\sgime_skin.v8.filemap.sogouime231930fd597
[38396:33876:0629/045013.770:WARNING:t_skinfilemap.cpp(65)] SGRenderLog:CheckUpdate finish: old version:1
[38396:33876:0629/045013.770:WARNING:t_skinfilemap.cpp(67)] SGRenderLog:CheckUpdate finish: new version:8
[38396:33876:0629/045014.025:WARNING:t_skinfilemap.cpp(63)] SGRenderLog:CheckUpdate newMem.OpenMem Suc, szNewMem:Local\sgime_skin.Dpi144.v8.filemap.sogouime
[38396:33876:0629/045014.025:WARNING:t_skinfilemap.cpp(65)] SGRenderLog:CheckUpdate finish: old version:8
[38396:33876:0629/045014.025:WARNING:t_skinfilemap.cpp(67)] SGRenderLog:CheckUpdate finish: new version:8
[39196:58688:0629/045222.766:WARNING:t_skinfilemap.cpp(56)] SGRenderLog:CheckUpdate newMem.OpenMem failed, szNewMem:Local\sgime_skin.v8.filemap.sogouime err:系统错误2: 系统找不到指定的文件。  
打开Filemap失败: Local\sgime_skin.v8.filemap.sogouime231930fd597
[39196:58688:0629/045222.766:WARNING:t_skinfilemap.cpp(65)] SGRenderLog:CheckUpdate finish: old version:1
[39196:58688:0629/045222.766:WARNING:t_skinfilemap.cpp(67)] SGRenderLog:CheckUpdate finish: new version:8
[39196:58688:0629/045223.006:WARNING:t_skinfilemap.cpp(63)] SGRenderLog:CheckUpdate newMem.OpenMem Suc, szNewMem:Local\sgime_skin.Dpi144.v8.filemap.sogouime
[39196:58688:0629/045223.006:WARNING:t_skinfilemap.cpp(65)] SGRenderLog:CheckUpdate finish: old version:8
[39196:58688:0629/045223.006:WARNING:t_skinfilemap.cpp(67)] SGRenderLog:CheckUpdate finish: new version:8
[984:72528:0629/045857.513:WARNING:t_skinfilemap.cpp(56)] SGRenderLog:CheckUpdate newMem.OpenMem failed, szNewMem:Local\sgime_skin.v8.filemap.sogouime err:系统错误2: 系统找不到指定的文件。  
打开Filemap失败: Local\sgime_skin.v8.filemap.sogouime231930fd597
[984:72528:0629/045857.513:WARNING:t_skinfilemap.cpp(65)] SGRenderLog:CheckUpdate finish: old version:1
[984:72528:0629/045857.513:WARNING:t_skinfilemap.cpp(67)] SGRenderLog:CheckUpdate finish: new version:8
[984:72528:0629/045857.752:WARNING:t_skinfilemap.cpp(63)] SGRenderLog:CheckUpdate newMem.OpenMem Suc, szNewMem:Local\sgime_skin.Dpi144.v8.filemap.sogouime
[984:72528:0629/045857.752:WARNING:t_skinfilemap.cpp(65)] SGRenderLog:CheckUpdate finish: old version:8
[984:72528:0629/045857.752:WARNING:t_skinfilemap.cpp(67)] SGRenderLog:CheckUpdate finish: new version:8
[38700:48412:0701/000951.258:WARNING:t_skinfilemap.cpp(56)] SGRenderLog:CheckUpdate newMem.OpenMem failed, szNewMem:Local\sgime_skin.v4.filemap.sogouime err:系统错误2: 系统找不到指定的文件。  
打开Filemap失败: Local\sgime_skin.v4.filemap.sogouime231930fd597
[38700:48412:0701/000951.258:WARNING:t_skinfilemap.cpp(65)] SGRenderLog:CheckUpdate finish: old version:1
[38700:48412:0701/000951.258:WARNING:t_skinfilemap.cpp(67)] SGRenderLog:CheckUpdate finish: new version:4
[38700:48412:0701/000951.367:WARNING:t_skinfilemap.cpp(63)] SGRenderLog:CheckUpdate newMem.OpenMem Suc, szNewMem:Local\sgime_skin.Dpi144.v4.filemap.sogouime
[38700:48412:0701/000951.367:WARNING:t_skinfilemap.cpp(65)] SGRenderLog:CheckUpdate finish: old version:4
[38700:48412:0701/000951.367:WARNING:t_skinfilemap.cpp(67)] SGRenderLog:CheckUpdate finish: new version:4
